<?xml version="1.0" encoding="UTF-8"?>
<!-- Generated by org.testng.reporters.JUnitReportReporter -->
<testsuite skipped="0" hostname="DeepakVarma" name="test01.Test01" tests="3" failures="0" timestamp="21 May 2022 16:53:27 GMT" time="118.386" errors="0">
  <testcase name="setup" time="5.923" classname="test01.Test01"/>
  <testcase name="test1" time="111.796" classname="test01.Test01"/>
  <testcase name="close" time="0.667" classname="test01.Test01"/>
</testsuite> <!-- test01.Test01 -->
