<?xml version="1.0" encoding="UTF-8"?>
<!-- Generated by org.testng.reporters.JUnitReportReporter -->
<testsuite skipped="0" hostname="DeepakVarma" name="com.playwright.test.HomePageTest" tests="4" failures="0" timestamp="06 Aug 2022 07:20:49 GMT" time="7.033" errors="0">
  <testcase name="searchItem" time="0.900" classname="com.playwright.test.HomePageTest"/>
  <testcase name="homePageTitleTest" time="3.994" classname="com.playwright.test.HomePageTest"/>
  <testcase name="searchItem" time="0.931" classname="com.playwright.test.HomePageTest"/>
  <testcase name="searchItem" time="1.208" classname="com.playwright.test.HomePageTest"/>
</testsuite> <!-- com.playwright.test.HomePageTest -->
