<?xml version="1.0" encoding="UTF-8"?>
<!-- Generated by org.testng.reporters.JUnitReportReporter -->
<testsuite skipped="0" hostname="DeepakVarma" name="playwrightPractise.Frames" tests="1" failures="0" timestamp="12 Jun 2022 15:36:13 GMT" time="6.287" errors="0">
  <testcase name="openSite2" time="6.287" classname="playwrightPractise.Frames"/>
</testsuite> <!-- playwrightPractise.Frames -->
