<?xml version="1.0" encoding="UTF-8"?>
<!-- Generated by org.testng.reporters.JUnitReportReporter -->
<testsuite skipped="0" hostname="DeepakVarma" name="com.playwright.test.EndToEnd" tests="3" failures="0" timestamp="31 Jul 2022 13:14:22 GMT" time="8.547" errors="0">
  <testcase name="searchIphone" time="6.069" classname="com.playwright.test.EndToEnd"/>
  <testcase name="noOfSearchResult" time="1.312" classname="com.playwright.test.EndToEnd"/>
  <testcase name="selectIphone" time="1.166" classname="com.playwright.test.EndToEnd"/>
</testsuite> <!-- com.playwright.test.EndToEnd -->
