<?xml version="1.0" encoding="UTF-8"?>
<!-- Generated by org.testng.reporters.JUnitReportReporter -->
<testsuite skipped="0" hostname="DeepakVarma" name="com.playwright.test.HomePageTest" tests="4" failures="0" timestamp="24 Sep 2022 17:00:41 GMT" time="12.350" errors="0">
  <testcase name="searchItem" time="0.569" classname="com.playwright.test.HomePageTest"/>
  <testcase name="homePageTitleTest" time="10.232" classname="com.playwright.test.HomePageTest"/>
  <testcase name="searchItem" time="1.013" classname="com.playwright.test.HomePageTest"/>
  <testcase name="searchItem" time="0.536" classname="com.playwright.test.HomePageTest"/>
</testsuite> <!-- com.playwright.test.HomePageTest -->
