<?xml version="1.0" encoding="UTF-8"?>
<!-- Generated by org.testng.reporters.JUnitReportReporter -->
<testsuite skipped="0" hostname="DeepakVarma" name="playwrightPractise.Test01" tests="3" failures="0" timestamp="06 Aug 2022 09:24:22 GMT" time="2091.116" errors="0">
  <testcase name="setup" time="3.853" classname="playwrightPractise.Test01"/>
  <testcase name="test1" time="2084.172" classname="playwrightPractise.Test01"/>
  <testcase name="close" time="3.091" classname="playwrightPractise.Test01"/>
</testsuite> <!-- playwrightPractise.Test01 -->
