<?xml version="1.0" encoding="UTF-8"?>
<!-- Generated by org.testng.reporters.JUnitReportReporter -->
<testsuite skipped="0" hostname="DeepakVarma" name="playwrightPractise.SelectingElementThatContainOtherElement" tests="1" failures="0" timestamp="17 Jun 2022 16:33:37 GMT" time="30.030" errors="1">
  <testcase name="openContactSales" time="30.030" classname="playwrightPractise.SelectingElementThatContainOtherElement">
    <error type="com.microsoft.playwright.TimeoutError" message="Error {
  message=&#039;Timeout 30000ms exceeded.
=========================== logs ===========================
navigating to &quot;https://www.orangehrm.com/hris-hr-software-demo/&quot;, waiting until &quot;load&quot;
============================================================
  name=&#039;TimeoutError
  stack=&#039;TimeoutError: Timeout 30000ms exceeded.
=========================== logs ===========================
navigating to &quot;https://www.orangehrm.com/hris-hr-software-demo/&quot;, waiting until &quot;load&quot;
============================================================
    at ProgressController.run (C:\Users\user\AppData\Local\Temp\playwright-java-5989638613890172389\package\lib\server\progress.js:96:26)
    at Frame.goto (C:\Users\user\AppData\Local\Temp\playwright-java-5989638613890172389\package\lib\server\frames.js:628:23)
    at FrameDispatcher.goto (C:\Users\user\AppData\Local\Temp\playwright-java-5989638613890172389\package\lib\server\dispatchers\frameDispatcher.js:86:77)
    at DispatcherConnection.dispatch (C:\Users\user\AppData\Local\Temp\playwright-java-5989638613890172389\package\lib\server\dispatchers\dispatcher.js:352:46)
}">
      <![CDATA[com.microsoft.playwright.TimeoutError: Error {
  message='Timeout 30000ms exceeded.
=========================== logs ===========================
navigating to "https://www.orangehrm.com/hris-hr-software-demo/", waiting until "load"
============================================================
  name='TimeoutError
  stack='TimeoutError: Timeout 30000ms exceeded.
=========================== logs ===========================
navigating to "https://www.orangehrm.com/hris-hr-software-demo/", waiting until "load"
============================================================
    at ProgressController.run (C:\Users\user\AppData\Local\Temp\playwright-java-5989638613890172389\package\lib\server\progress.js:96:26)
    at Frame.goto (C:\Users\user\AppData\Local\Temp\playwright-java-5989638613890172389\package\lib\server\frames.js:628:23)
    at FrameDispatcher.goto (C:\Users\user\AppData\Local\Temp\playwright-java-5989638613890172389\package\lib\server\dispatchers\frameDispatcher.js:86:77)
    at DispatcherConnection.dispatch (C:\Users\user\AppData\Local\Temp\playwright-java-5989638613890172389\package\lib\server\dispatchers\dispatcher.js:352:46)
}
at com.microsoft.playwright.impl.WaitableResult.get(WaitableResult.java:52)
at com.microsoft.playwright.impl.ChannelOwner.runUntil(ChannelOwner.java:103)
at com.microsoft.playwright.impl.Connection.sendMessage(Connection.java:105)
at com.microsoft.playwright.impl.ChannelOwner.sendMessage(ChannelOwner.java:94)
at com.microsoft.playwright.impl.FrameImpl.navigateImpl(FrameImpl.java:402)
at com.microsoft.playwright.impl.PageImpl.lambda$navigate$32(PageImpl.java:803)
at com.microsoft.playwright.impl.LoggingSupport.withLogging(LoggingSupport.java:47)
at com.microsoft.playwright.impl.ChannelOwner.withLogging(ChannelOwner.java:79)
at com.microsoft.playwright.impl.PageImpl.navigate(PageImpl.java:803)
at com.microsoft.playwright.impl.PageImpl.navigate(PageImpl.java:41)
at com.microsoft.playwright.Page.navigate(Page.java:4233)
at playwrightPractise.SelectingElementThatContainOtherElement.openContactSales(SelectingElementThatContainOtherElement.java:30)
at sun.reflect.NativeMethodAccessorImpl.invoke0(Native Method)
at sun.reflect.NativeMethodAccessorImpl.invoke(Unknown Source)
at sun.reflect.DelegatingMethodAccessorImpl.invoke(Unknown Source)
at java.lang.reflect.Method.invoke(Unknown Source)
at org.testng.internal.MethodInvocationHelper.invokeMethod(MethodInvocationHelper.java:124)
at org.testng.internal.Invoker.invokeMethod(Invoker.java:583)
at org.testng.internal.Invoker.invokeTestMethod(Invoker.java:719)
at org.testng.internal.Invoker.invokeTestMethods(Invoker.java:989)
at org.testng.internal.TestMethodWorker.invokeTestMethods(TestMethodWorker.java:125)
at org.testng.internal.TestMethodWorker.run(TestMethodWorker.java:109)
at org.testng.TestRunner.privateRun(TestRunner.java:648)
at org.testng.TestRunner.run(TestRunner.java:505)
at org.testng.SuiteRunner.runTest(SuiteRunner.java:455)
at org.testng.SuiteRunner.runSequentially(SuiteRunner.java:450)
at org.testng.SuiteRunner.privateRun(SuiteRunner.java:415)
at org.testng.SuiteRunner.run(SuiteRunner.java:364)
at org.testng.SuiteRunnerWorker.runSuite(SuiteRunnerWorker.java:52)
at org.testng.SuiteRunnerWorker.run(SuiteRunnerWorker.java:84)
at org.testng.TestNG.runSuitesSequentially(TestNG.java:1208)
at org.testng.TestNG.runSuitesLocally(TestNG.java:1137)
at org.testng.TestNG.runSuites(TestNG.java:1049)
at org.testng.TestNG.run(TestNG.java:1017)
at org.testng.remote.AbstractRemoteTestNG.run(AbstractRemoteTestNG.java:115)
at org.testng.remote.RemoteTestNG.initAndRun(RemoteTestNG.java:251)
at org.testng.remote.RemoteTestNG.main(RemoteTestNG.java:77)
Caused by: com.microsoft.playwright.TimeoutError: Error {
  message='Timeout 30000ms exceeded.
=========================== logs ===========================
navigating to "https://www.orangehrm.com/hris-hr-software-demo/", waiting until "load"
============================================================
  name='TimeoutError
  stack='TimeoutError: Timeout 30000ms exceeded.
=========================== logs ===========================
navigating to "https://www.orangehrm.com/hris-hr-software-demo/", waiting until "load"
============================================================
    at ProgressController.run (C:\Users\user\AppData\Local\Temp\playwright-java-5989638613890172389\package\lib\server\progress.js:96:26)
    at Frame.goto (C:\Users\user\AppData\Local\Temp\playwright-java-5989638613890172389\package\lib\server\frames.js:628:23)
    at FrameDispatcher.goto (C:\Users\user\AppData\Local\Temp\playwright-java-5989638613890172389\package\lib\server\dispatchers\frameDispatcher.js:86:77)
    at DispatcherConnection.dispatch (C:\Users\user\AppData\Local\Temp\playwright-java-5989638613890172389\package\lib\server\dispatchers\dispatcher.js:352:46)
}
at com.microsoft.playwright.impl.Connection.dispatch(Connection.java:181)
at com.microsoft.playwright.impl.Connection.processOneMessage(Connection.java:163)
at com.microsoft.playwright.impl.ChannelOwner.runUntil(ChannelOwner.java:101)
... 35 more
]]>
    </error>
  </testcase> <!-- openContactSales -->
</testsuite> <!-- playwrightPractise.SelectingElementThatContainOtherElement -->
