<?xml version="1.0" encoding="UTF-8"?>
<!-- Generated by org.testng.reporters.JUnitReportReporter -->
<testsuite skipped="0" hostname="DeepakVarma" name="com.playwright.test.EndToEndTest" tests="3" failures="0" timestamp="24 Sep 2022 16:26:15 GMT" time="13.463" errors="0">
  <testcase name="searchIphone" time="8.152" classname="com.playwright.test.EndToEndTest"/>
  <testcase name="noOfSearchResult" time="0.413" classname="com.playwright.test.EndToEndTest"/>
  <testcase name="selectIphone" time="4.898" classname="com.playwright.test.EndToEndTest"/>
</testsuite> <!-- com.playwright.test.EndToEndTest -->
